<?xml version="1.0" encoding="UTF-8"?>
<testng-results skipped="0" failed="0" total="1" passed="1">
  <reporter-output>
  </reporter-output>
  <suite name="Page Object test example" duration-ms="16948" started-at="2015-08-16T18:17:00Z" finished-at="2015-08-16T18:17:17Z">
    <groups>
    </groups>
    <test name="Default test" duration-ms="16948" started-at="2015-08-16T18:17:00Z" finished-at="2015-08-16T18:17:17Z">
      <class name="com.paypal.tests.CreateNewAccount">
        <test-method status="PASS" signature="initializeTestBaseSetup(java.lang.String, java.lang.String)[pri:0, instance:com.paypal.tests.CreateNewAccount@886b178]" name="initializeTestBaseSetup" is-config="true" duration-ms="18014" started-at="2015-08-16T23:46:42Z" finished-at="2015-08-16T23:47:00Z">
          <params>
            <param index="0">
              <value>
                <![CDATA[firefox]]>
              </value>
            </param>
            <param index="1">
              <value>
                <![CDATA[https://www.paypal.com/in/webapps/mpp/home]]>
              </value>
            </param>
          </params>
          <reporter-output>
          </reporter-output>
        </test-method> <!-- initializeTestBaseSetup -->
        <test-method status="PASS" signature="setUp1()[pri:0, instance:com.paypal.tests.CreateNewAccount@886b178]" name="setUp1" is-config="true" duration-ms="27" started-at="2015-08-16T23:47:00Z" finished-at="2015-08-16T23:47:00Z">
          <reporter-output>
          </reporter-output>
        </test-method> <!-- setUp1 -->
        <test-method status="PASS" signature="createNewAccount()[pri:0, instance:com.paypal.tests.CreateNewAccount@886b178]" name="createNewAccount" duration-ms="16882" started-at="2015-08-16T23:47:00Z" description="Create new PayPal Account" finished-at="2015-08-16T23:47:17Z">
          <reporter-output>
          </reporter-output>
        </test-method> <!-- createNewAccount -->
      </class> <!-- com.paypal.tests.CreateNewAccount -->
    </test> <!-- Default test -->
  </suite> <!-- Page Object test example -->
</testng-results>
