<?xml version="1.0" encoding="UTF-8"?>
<testng-results skipped="0" failed="0" total="1" passed="1">
  <reporter-output>
  </reporter-output>
  <suite name="Page Object test example" duration-ms="18854" started-at="2015-08-02T11:48:47Z" finished-at="2015-08-02T11:49:06Z">
    <groups>
    </groups>
    <test name="SampleTest" duration-ms="18854" started-at="2015-08-02T11:48:47Z" finished-at="2015-08-02T11:49:06Z">
      <class name="com.paypal.demo.CreateNewAccount">
        <test-method status="PASS" signature="initializeTestBaseSetup(java.lang.String, java.lang.String)[pri:0, instance:com.paypal.demo.CreateNewAccount@3fd4714d]" name="initializeTestBaseSetup" is-config="true" duration-ms="73177" started-at="2015-08-02T17:17:33Z" finished-at="2015-08-02T17:18:47Z">
          <params>
            <param index="0">
              <value>
                <![CDATA[firefox]]>
              </value>
            </param>
            <param index="1">
              <value>
                <![CDATA[https://www.paypal.com/in/webapps/mpp/home]]>
              </value>
            </param>
          </params>
          <reporter-output>
          </reporter-output>
        </test-method> <!-- initializeTestBaseSetup -->
        <test-method status="PASS" signature="setUp1()[pri:0, instance:com.paypal.demo.CreateNewAccount@3fd4714d]" name="setUp1" is-config="true" duration-ms="49" started-at="2015-08-02T17:18:47Z" finished-at="2015-08-02T17:18:47Z">
          <reporter-output>
          </reporter-output>
        </test-method> <!-- setUp1 -->
        <test-method status="PASS" signature="createNewAccount()[pri:0, instance:com.paypal.demo.CreateNewAccount@3fd4714d]" name="createNewAccount" duration-ms="18789" started-at="2015-08-02T17:18:47Z" finished-at="2015-08-02T17:19:06Z">
          <reporter-output>
          </reporter-output>
        </test-method> <!-- createNewAccount -->
        <test-method status="PASS" signature="tearDown()[pri:0, instance:com.paypal.demo.CreateNewAccount@3fd4714d]" name="tearDown" is-config="true" duration-ms="746" started-at="2015-08-02T17:19:06Z" finished-at="2015-08-02T17:19:06Z">
          <reporter-output>
          </reporter-output>
        </test-method> <!-- tearDown -->
      </class> <!-- com.paypal.demo.CreateNewAccount -->
    </test> <!-- SampleTest -->
  </suite> <!-- Page Object test example -->
</testng-results>
